instrumented_apps/APhotoManager/APhotoManager-#116/app/build/outputs/logs/manifest-merger-debug-report.txt
-- Merging decision tree log ---
manifest
ADDED from src/main/AndroidManifest.xml:21:1-412:12
INJECTED from src/main/AndroidManifest.xml:21:1-412:12
INJECTED from src/main/AndroidManifest.xml:21:1-412:12
INJECTED from src/main/AndroidManifest.xml:21:1-412:12
MERGED from [com.github.k3b:PhotoView:v1.2.6.k3b-5-SNAPSHOT] AndroidManifest.xml:2:1-12:12
MERGED from [org.osmdroid:osmdroid-mapsforge:6.0.1] AndroidManifest.xml:2:1-11:12
MERGED from [org.osmdroid:osmdroid-android:6.0.1] AndroidManifest.xml:2:1-29:12
MERGED from [com.android.support:support-v4:23.3.0] AndroidManifest.xml:17:1-24:12
INJECTED from src/main/AndroidManifest.xml:21:1-412:12
INJECTED from src/main/AndroidManifest.xml:21:1-412:12
INJECTED from src/main/AndroidManifest.xml:21:1-412:12
	package
		ADDED from src/main/AndroidManifest.xml:23:5-45
		INJECTED from src/main/AndroidManifest.xml
		INJECTED from src/main/AndroidManifest.xml
	android:versionName
		INJECTED from src/main/AndroidManifest.xml
		ADDED from src/main/AndroidManifest.xml:21:1-412:12
		INJECTED from src/main/AndroidManifest.xml
	xmlns:tools
		ADDED from src/main/AndroidManifest.xml:22:5-51
	android:versionCode
		INJECTED from src/main/AndroidManifest.xml
		ADDED from src/main/AndroidManifest.xml:21:1-412:12
		INJECTED from src/main/AndroidManifest.xml
	xmlns:android
		ADDED from src/main/AndroidManifest.xml:21:11-69
	android:installLocation
		ADDED from src/main/AndroidManifest.xml:24:5-35
supports-screens
ADDED from src/main/AndroidManifest.xml:26:5-29:40
MERGED from [org.osmdroid:osmdroid-android:6.0.1] AndroidManifest.xml:11:5-14:40
MERGED from [org.osmdroid:osmdroid-android:6.0.1] AndroidManifest.xml:11:5-14:40
	android:largeScreens
		ADDED from src/main/AndroidManifest.xml:28:9-36
	android:normalScreens
		ADDED from src/main/AndroidManifest.xml:29:9-37
	android:anyDensity
		ADDED from src/main/AndroidManifest.xml:27:9-34
uses-feature#0x00020000
ADDED from src/main/AndroidManifest.xml:31:5-33:36
	android:glEsVersion
		ADDED from src/main/AndroidManifest.xml:32:9-41
	android:required
		ADDED from src/main/AndroidManifest.xml:33:9-33
uses-permission#android.permission.READ_EXTERNAL_STORAGE
ADDED from src/main/AndroidManifest.xml:36:5-80
	android:name
		ADDED from src/main/AndroidManifest.xml:36:22-77
uses-permission#android.permission.INTERNET
ADDED from src/main/AndroidManifest.xml:50:5-67
	android:name
		ADDED from src/main/AndroidManifest.xml:50:22-64
uses-permission#android.permission.WRITE_EXTERNAL_STORAGE
ADDED from src/main/AndroidManifest.xml:51:5-81
	android:name
		ADDED from src/main/AndroidManifest.xml:51:22-78
uses-permission#android.permission.ACCESS_NETWORK_STATE
ADDED from src/main/AndroidManifest.xml:60:5-79
	android:name
		ADDED from src/main/AndroidManifest.xml:60:22-76
uses-permission#android.permission.ACCESS_WIFI_STATE
ADDED from src/main/AndroidManifest.xml:61:5-76
	android:name
		ADDED from src/main/AndroidManifest.xml:61:22-73
uses-permission#android.permission.READ_LOGS
ADDED from src/main/AndroidManifest.xml:64:5-68
	android:name
		ADDED from src/main/AndroidManifest.xml:64:22-65
application
ADDED from src/main/AndroidManifest.xml:72:5-410:19
MERGED from [com.android.support:support-v4:23.3.0] AndroidManifest.xml:22:5-20
MERGED from [com.android.support:support-v4:23.3.0] AndroidManifest.xml:22:5-20
	android:label
		ADDED from src/main/AndroidManifest.xml:76:9-41
	android:largeHeap
		ADDED from src/main/AndroidManifest.xml:77:9-33
	android:icon
		ADDED from src/main/AndroidManifest.xml:75:9-46
	android:allowBackup
		ADDED from src/main/AndroidManifest.xml:74:9-36
	android:theme
		ADDED from src/main/AndroidManifest.xml:78:9-40
	android:name
		ADDED from src/main/AndroidManifest.xml:73:9-43
activity#de.k3b.android.androFotoFinder.FotoGalleryActivity
ADDED from src/main/AndroidManifest.xml:80:9-118:20
	android:label
		ADDED from src/main/AndroidManifest.xml:82:13-45
	android:name
		ADDED from src/main/AndroidManifest.xml:81:13-48
intent-filter#android.intent.action.MAIN+android.intent.category.LAUNCHER
ADDED from src/main/AndroidManifest.xml:83:13-87:29
action#android.intent.action.MAIN
ADDED from src/main/AndroidManifest.xml:84:17-69
	android:name
		ADDED from src/main/AndroidManifest.xml:84:25-66
category#android.intent.category.LAUNCHER
ADDED from src/main/AndroidManifest.xml:86:17-77
	android:name
		ADDED from src/main/AndroidManifest.xml:86:27-74
intent-filter#android.intent.action.PICK+android.intent.category.BROWSABLE+android.intent.category.DEFAULT
ADDED from src/main/AndroidManifest.xml:90:13-98:29
	android:label
		ADDED from src/main/AndroidManifest.xml:90:28-79
action#android.intent.action.PICK
ADDED from src/main/AndroidManifest.xml:91:17-69
	android:name
		ADDED from src/main/AndroidManifest.xml:91:25-66
category#android.intent.category.DEFAULT
ADDED from src/main/AndroidManifest.xml:93:17-76
	android:name
		ADDED from src/main/AndroidManifest.xml:93:27-73
category#android.intent.category.BROWSABLE
ADDED from src/main/AndroidManifest.xml:94:17-78
	android:name
		ADDED from src/main/AndroidManifest.xml:94:27-75
data
ADDED from src/main/AndroidManifest.xml:96:17-48
	android:host
		ADDED from src/main/AndroidManifest.xml:174:23-39
	android:scheme
		ADDED from src/main/AndroidManifest.xml:97:23-43
	android:pathPattern
		ADDED from src/main/AndroidManifest.xml:178:23-55
	android:mimeType
		ADDED from src/main/AndroidManifest.xml:96:23-45
	android:pathPrefix
		ADDED from src/main/AndroidManifest.xml:315:23-49
intent-filter#android.intent.action.GET_CONTENT+android.intent.action.PICK+android.intent.category.DEFAULT
ADDED from src/main/AndroidManifest.xml:109:13-117:29
action#android.intent.action.GET_CONTENT
ADDED from src/main/AndroidManifest.xml:111:17-76
	android:name
		ADDED from src/main/AndroidManifest.xml:111:25-73
activity#de.k3b.android.androFotoFinder.imagedetail.ImageDetailActivityViewPager
ADDED from src/main/AndroidManifest.xml:121:9-181:20
	android:label
		ADDED from src/main/AndroidManifest.xml:124:13-59
	android:ellipsize
		ADDED from src/main/AndroidManifest.xml:123:13-39
	android:name
		ADDED from src/main/AndroidManifest.xml:122:13-69
intent-filter#android.intent.action.SEND+android.intent.action.SENDTO+android.intent.action.VIEW+android.intent.category.BROWSABLE+android.intent.category.DEFAULT+com.android.camera.action.REVIEW
ADDED from src/main/AndroidManifest.xml:127:13-142:29
action#android.intent.action.VIEW
ADDED from src/main/AndroidManifest.xml:128:17-69
	android:name
		ADDED from src/main/AndroidManifest.xml:128:25-66
action#android.intent.action.SEND
ADDED from src/main/AndroidManifest.xml:129:17-69
	android:name
		ADDED from src/main/AndroidManifest.xml:129:25-66
action#android.intent.action.SENDTO
ADDED from src/main/AndroidManifest.xml:130:17-71
	android:name
		ADDED from src/main/AndroidManifest.xml:130:25-68
action#com.android.camera.action.REVIEW
ADDED from src/main/AndroidManifest.xml:133:17-75
	android:name
		ADDED from src/main/AndroidManifest.xml:133:25-72
intent-filter#android.intent.action.SEND+android.intent.action.SENDTO+android.intent.action.VIEW+android.intent.category.BROWSABLE+android.intent.category.CATEGORY_OPENABLE+android.intent.category.DEFAULT+com.android.camera.action.REVIEW
ADDED from src/main/AndroidManifest.xml:145:13-164:29
category#android.intent.category.CATEGORY_OPENABLE
ADDED from src/main/AndroidManifest.xml:154:17-86
	android:name
		ADDED from src/main/AndroidManifest.xml:154:27-83
intent-filter#android.intent.action.VIEW+android.intent.category.BROWSABLE+android.intent.category.DEFAULT
ADDED from src/main/AndroidManifest.xml:167:13-179:29
	android:label
		ADDED from src/main/AndroidManifest.xml:399:17-59
	android:icon
		ADDED from src/main/AndroidManifest.xml:398:17-54
activity#de.k3b.android.androFotoFinder.GalleryFilterActivity
ADDED from src/main/AndroidManifest.xml:182:9-185:57
	android:label
		ADDED from src/main/AndroidManifest.xml:185:13-54
	android:icon
		ADDED from src/main/AndroidManifest.xml:184:13-54
	android:name
		ADDED from src/main/AndroidManifest.xml:183:13-50
activity#de.k3b.android.androFotoFinder.ExifEditActivity
ADDED from src/main/AndroidManifest.xml:186:9-202:20
	android:label
		ADDED from src/main/AndroidManifest.xml:189:13-52
	android:icon
		ADDED from src/main/AndroidManifest.xml:188:13-47
	android:name
		ADDED from src/main/AndroidManifest.xml:187:13-45
intent-filter#android.intent.action.EDIT+android.intent.category.BROWSABLE+android.intent.category.DEFAULT
ADDED from src/main/AndroidManifest.xml:191:13-201:29
action#android.intent.action.EDIT
ADDED from src/main/AndroidManifest.xml:192:17-69
	android:name
		ADDED from src/main/AndroidManifest.xml:192:25-66
activity#de.k3b.android.androFotoFinder.PhotoAutoprocessingEditActivity
ADDED from src/main/AndroidManifest.xml:205:9-223:20
	android:label
		ADDED from src/main/AndroidManifest.xml:208:13-73
	android:icon
		ADDED from src/main/AndroidManifest.xml:207:13-47
	android:name
		ADDED from src/main/AndroidManifest.xml:206:13-60
intent-filter#android.intent.action.EDIT+android.intent.action.VIEW+android.intent.category.BROWSABLE+android.intent.category.DEFAULT
ADDED from src/main/AndroidManifest.xml:210:13-222:29
activity#de.k3b.android.androFotoFinder.locationmap.GeoEditActivity
ADDED from src/main/AndroidManifest.xml:225:9-228:59
	android:label
		ADDED from src/main/AndroidManifest.xml:228:13-56
	android:icon
		ADDED from src/main/AndroidManifest.xml:227:13-49
	android:name
		ADDED from src/main/AndroidManifest.xml:226:13-56
activity#de.k3b.android.androFotoFinder.locationmap.MapGeoPickerActivity
ADDED from src/main/AndroidManifest.xml:229:9-390:20
	android:label
		ADDED from src/main/AndroidManifest.xml:232:13-50
	android:icon
		ADDED from src/main/AndroidManifest.xml:231:13-49
	android:name
		ADDED from src/main/AndroidManifest.xml:230:13-61
intent-filter#android.intent.action.MAIN+android.intent.category.CATEGORY_APP_MAPS+android.intent.category.LAUNCHER
ADDED from src/main/AndroidManifest.xml:233:13-238:29
category#android.intent.category.CATEGORY_APP_MAPS
ADDED from src/main/AndroidManifest.xml:237:17-86
	android:name
		ADDED from src/main/AndroidManifest.xml:237:27-83
intent-filter#android.intent.action.SEND+android.intent.action.SENDTO+android.intent.action.SEND_MULTIPLE+android.intent.action.VIEW+android.intent.category.BROWSABLE+android.intent.category.DEFAULT
ADDED from src/main/AndroidManifest.xml:241:13-252:29
action#android.intent.action.SEND_MULTIPLE
ADDED from src/main/AndroidManifest.xml:245:17-78
	android:name
		ADDED from src/main/AndroidManifest.xml:245:25-75
activity#de.k3b.android.androFotoFinder.SettingsActivity
ADDED from src/main/AndroidManifest.xml:391:9-393:40
	android:label
		ADDED from src/main/AndroidManifest.xml:393:13-37
	android:name
		ADDED from src/main/AndroidManifest.xml:392:13-45
activity#de.k3b.android.androFotoFinder.media.MediaDBActivity
ADDED from src/main/AndroidManifest.xml:394:9-409:20
	android:label
		ADDED from src/main/AndroidManifest.xml:396:13-55
	android:name
		ADDED from src/main/AndroidManifest.xml:395:13-50
uses-sdk
INJECTED from src/main/AndroidManifest.xml reason: use-sdk injection requested
INJECTED from src/main/AndroidManifest.xml
INJECTED from src/main/AndroidManifest.xml
MERGED from [com.github.k3b:PhotoView:v1.2.6.k3b-5-SNAPSHOT] AndroidManifest.xml:8:5-10:41
MERGED from [com.github.k3b:PhotoView:v1.2.6.k3b-5-SNAPSHOT] AndroidManifest.xml:8:5-10:41
MERGED from [org.osmdroid:osmdroid-mapsforge:6.0.1] AndroidManifest.xml:7:5-9:41
MERGED from [org.osmdroid:osmdroid-mapsforge:6.0.1] AndroidManifest.xml:7:5-9:41
MERGED from [org.osmdroid:osmdroid-android:6.0.1] AndroidManifest.xml:7:5-9:41
MERGED from [org.osmdroid:osmdroid-android:6.0.1] AndroidManifest.xml:7:5-9:41
MERGED from [com.android.support:support-v4:23.3.0] AndroidManifest.xml:20:5-43
MERGED from [com.android.support:support-v4:23.3.0] AndroidManifest.xml:20:5-43
INJECTED from src/main/AndroidManifest.xml
INJECTED from src/main/AndroidManifest.xml
	android:targetSdkVersion
		INJECTED from src/main/AndroidManifest.xml
		ADDED from src/main/AndroidManifest.xml
		INJECTED from src/main/AndroidManifest.xml
	android:minSdkVersion
		INJECTED from src/main/AndroidManifest.xml
		ADDED from src/main/AndroidManifest.xml
		INJECTED from src/main/AndroidManifest.xml
uses-feature#android.hardware.location.network
ADDED from [org.osmdroid:osmdroid-android:6.0.1] AndroidManifest.xml:16:5-18:36
	android:required
		ADDED from [org.osmdroid:osmdroid-android:6.0.1] AndroidManifest.xml:18:9-33
	android:name
		ADDED from [org.osmdroid:osmdroid-android:6.0.1] AndroidManifest.xml:17:9-57
uses-feature#android.hardware.location.gps
ADDED from [org.osmdroid:osmdroid-android:6.0.1] AndroidManifest.xml:19:5-21:36
	android:required
		ADDED from [org.osmdroid:osmdroid-android:6.0.1] AndroidManifest.xml:21:9-33
	android:name
		ADDED from [org.osmdroid:osmdroid-android:6.0.1] AndroidManifest.xml:20:9-53
uses-feature#android.hardware.telephony
ADDED from [org.osmdroid:osmdroid-android:6.0.1] AndroidManifest.xml:22:5-24:36
	android:required
		ADDED from [org.osmdroid:osmdroid-android:6.0.1] AndroidManifest.xml:24:9-33
	android:name
		ADDED from [org.osmdroid:osmdroid-android:6.0.1] AndroidManifest.xml:23:9-50
uses-feature#android.hardware.wifi
ADDED from [org.osmdroid:osmdroid-android:6.0.1] AndroidManifest.xml:25:5-27:36
	android:required
		ADDED from [org.osmdroid:osmdroid-android:6.0.1] AndroidManifest.xml:27:9-33
	android:name
		ADDED from [org.osmdroid:osmdroid-android:6.0.1] AndroidManifest.xml:26:9-45